{
  "stats": {
    "suites": 1,
    "tests": 11,
    "passes": 11,
    "pending": 3,
    "failures": -3,
    "start": "2021-05-24T06:43:43.793Z",
    "end": "2021-05-24T06:44:43.327Z",
    "duration": 59534,
    "testsRegistered": 14,
    "passPercent": 100,
    "pendingPercent": 21.428571428571427,
    "other": 3,
    "hasOther": true,
    "skipped": 3,
    "hasSkipped": true
  },
  "results": [
    {
      "uuid": "1a8bc77d-4734-4a77-80ec-d344451f3b17",
      "title": "",
      "fullFile": "cypress/integration/first_amazon_task/test.js",
      "file": "cypress/integration/first_amazon_task/test.js",
      "beforeHooks": [],
      "afterHooks": [],
      "tests": [],
      "suites": [
        {
          "uuid": "170ac71e-7fa8-4e4a-b482-59a0b0a5bcb4",
          "title": "Amazon Test Seacrh",
          "fullFile": "",
          "file": "",
          "beforeHooks": [],
          "afterHooks": [],
          "tests": [
            {
              "title": "Open the website",
              "fullTitle": "Amazon Test Seacrh Open the website",
              "timedOut": null,
              "duration": 5969,
              "state": "passed",
              "speed": "slow",
              "pass": true,
              "fail": false,
              "pending": false,
              "context": null,
              "code": "cy.visit('https://www.amazon.com/?&tag=googleglobalp-20&ref=pd_sl_7nnedyywlk_e&adgrpid=82342659060&hvpone=&hvptwo=&hvadid=393493755082&hvpos=&hvnetw=g&hvrand=4690605849944238361&hvqmt=e&hvdev=c&hvdvcmdl=&hvlocint=&hvlocphy=9069818&hvtargid=kwd-10573980&hydadcr=2246_11061421&gclid=EAIaIQobChMImuPdi7zQ8AIVBud3Ch03qACCEAAYASAAEgJNPfD_BwE');",
              "err": {},
              "uuid": "130aeae2-2e79-4c4a-95dd-757295a127bb",
              "parentUUID": "170ac71e-7fa8-4e4a-b482-59a0b0a5bcb4",
              "isHook": false,
              "skipped": false
            },
            {
              "title": "Check if the input typed",
              "fullTitle": "Amazon Test Seacrh Check if the input typed",
              "timedOut": null,
              "duration": 541,
              "state": "passed",
              "speed": "slow",
              "pass": true,
              "fail": false,
              "pending": false,
              "context": null,
              "code": "cy.get('#twotabsearchtextbox').type('Clock').should('have.value', 'Clock');",
              "err": {},
              "uuid": "b0fb9b0c-d476-4813-b7c3-ee53f3133064",
              "parentUUID": "170ac71e-7fa8-4e4a-b482-59a0b0a5bcb4",
              "isHook": false,
              "skipped": false
            },
            {
              "title": "Check if the search button work",
              "fullTitle": "Amazon Test Seacrh Check if the search button work",
              "timedOut": null,
              "duration": 5181,
              "state": "passed",
              "speed": "slow",
              "pass": true,
              "fail": false,
              "pending": false,
              "context": null,
              "code": "cy.get('#nav-search-submit-button').click();",
              "err": {},
              "uuid": "5cae7e37-b9c3-4426-a14e-33205eb93715",
              "parentUUID": "170ac71e-7fa8-4e4a-b482-59a0b0a5bcb4",
              "isHook": false,
              "skipped": false
            },
            {
              "title": "Select the clock",
              "fullTitle": "Amazon Test Seacrh Select the clock",
              "timedOut": null,
              "duration": 10001,
              "state": "passed",
              "speed": "slow",
              "pass": true,
              "fail": false,
              "pending": false,
              "context": null,
              "code": "cy.get('h2>a.a-link-normal', {\n  timeout: 10000\n}).contains('Clock').click();\ncy.go(-1);",
              "err": {},
              "uuid": "293aef8e-7316-4987-b9e1-2fc0aa39424e",
              "parentUUID": "170ac71e-7fa8-4e4a-b482-59a0b0a5bcb4",
              "isHook": false,
              "skipped": false
            },
            {
              "title": "Add the clock to cart",
              "fullTitle": "Amazon Test Seacrh Add the clock to cart",
              "timedOut": null,
              "duration": 0,
              "state": "pending",
              "speed": null,
              "pass": false,
              "fail": false,
              "pending": true,
              "context": null,
              "code": "",
              "err": {},
              "uuid": "c2af89e8-0b03-490a-9607-383884865b22",
              "parentUUID": "170ac71e-7fa8-4e4a-b482-59a0b0a5bcb4",
              "isHook": false,
              "skipped": false
            },
            {
              "title": "Check if the item selected is the same",
              "fullTitle": "Amazon Test Seacrh Check if the item selected is the same",
              "timedOut": null,
              "duration": 0,
              "state": "pending",
              "speed": null,
              "pass": false,
              "fail": false,
              "pending": true,
              "context": null,
              "code": "",
              "err": {},
              "uuid": "8a309e16-bbef-4dc0-93e8-e1e268aebe43",
              "parentUUID": "170ac71e-7fa8-4e4a-b482-59a0b0a5bcb4",
              "isHook": false,
              "skipped": false
            },
            {
              "title": "Select the first clock",
              "fullTitle": "Amazon Test Seacrh Select the first clock",
              "timedOut": null,
              "duration": 10094,
              "state": "passed",
              "speed": "slow",
              "pass": true,
              "fail": false,
              "pending": false,
              "context": null,
              "code": "cy.get('h2>a.a-link-normal>span.a-size-base-plus', {\n  timeout: 10000\n}).eq(1).should('contain', 'Clock').click().go('back');",
              "err": {},
              "uuid": "df1b440e-4afb-4aa3-bc9e-2ad9187129fe",
              "parentUUID": "170ac71e-7fa8-4e4a-b482-59a0b0a5bcb4",
              "isHook": false,
              "skipped": false
            },
            {
              "title": "Select the last clock",
              "fullTitle": "Amazon Test Seacrh Select the last clock",
              "timedOut": null,
              "duration": 6026,
              "state": "passed",
              "speed": "slow",
              "pass": true,
              "fail": false,
              "pending": false,
              "context": null,
              "code": "cy.get('h2>a.a-link-normal>span.a-size-base-plus', {\n  timeout: 10000\n}).eq(-1).should('contain', 'Clock').click();",
              "err": {},
              "uuid": "d5bdb9e8-54ad-4770-9397-8d16a89d9187",
              "parentUUID": "170ac71e-7fa8-4e4a-b482-59a0b0a5bcb4",
              "isHook": false,
              "skipped": false
            },
            {
              "title": "Blur nav bar search",
              "fullTitle": "Amazon Test Seacrh Blur nav bar search",
              "timedOut": null,
              "duration": 97,
              "state": "passed",
              "speed": "slow",
              "pass": true,
              "fail": false,
              "pending": false,
              "context": null,
              "code": "cy.get('#twotabsearchtextbox').focus().blur({\n  force: true\n});",
              "err": {},
              "uuid": "9de01bc8-3793-4fa7-8f68-9b05d4be55c5",
              "parentUUID": "170ac71e-7fa8-4e4a-b482-59a0b0a5bcb4",
              "isHook": false,
              "skipped": false
            },
            {
              "title": "Check the checkbox and clear the input field",
              "fullTitle": "Amazon Test Seacrh Check the checkbox and clear the input field",
              "timedOut": null,
              "duration": 0,
              "state": "pending",
              "speed": null,
              "pass": false,
              "fail": false,
              "pending": true,
              "context": null,
              "code": "",
              "err": {},
              "uuid": "e92bedb4-1a15-4e52-8472-fd688cbf9a0a",
              "parentUUID": "170ac71e-7fa8-4e4a-b482-59a0b0a5bcb4",
              "isHook": false,
              "skipped": false
            },
            {
              "title": "Screenshot test",
              "fullTitle": "Amazon Test Seacrh Screenshot test",
              "timedOut": null,
              "duration": 9516,
              "state": "passed",
              "speed": "slow",
              "pass": true,
              "fail": false,
              "pending": false,
              "context": null,
              "code": "cy.screenshot();",
              "err": {},
              "uuid": "754c41e2-91cc-436f-84d2-94625a0caa96",
              "parentUUID": "170ac71e-7fa8-4e4a-b482-59a0b0a5bcb4",
              "isHook": false,
              "skipped": false
            },
            {
              "title": "Check if writes correct",
              "fullTitle": "Amazon Test Seacrh Check if writes correct",
              "timedOut": null,
              "duration": 180,
              "state": "passed",
              "speed": "slow",
              "pass": true,
              "fail": false,
              "pending": false,
              "context": null,
              "code": "cy.writeFile('messages/message.txt', 'Hello World');\ncy.readFile('messages/message.txt').then(text => {\n  expect(text).to.equal('Hello World');\n});",
              "err": {},
              "uuid": "cd613c8c-02d0-4d96-8636-6b97106863b2",
              "parentUUID": "170ac71e-7fa8-4e4a-b482-59a0b0a5bcb4",
              "isHook": false,
              "skipped": false
            },
            {
              "title": "Intercept Amazon call",
              "fullTitle": "Amazon Test Seacrh Intercept Amazon call",
              "timedOut": null,
              "duration": 3631,
              "state": "passed",
              "speed": "slow",
              "pass": true,
              "fail": false,
              "pending": false,
              "context": null,
              "code": "cy.intercept('https://www.amazon.com/').as('amazonFirstRequest');\ncy.visit('https://www.amazon.com/');\ncy.get('@amazonFirstRequest').then(res => {\n  //expect(response.response.equal.statusCode).to.equal('200')\n  expect(res.response['statusCode']).to.equal(200);\n});",
              "err": {},
              "uuid": "9dd89f0f-4a3f-4cd1-b863-6f25f50101fa",
              "parentUUID": "170ac71e-7fa8-4e4a-b482-59a0b0a5bcb4",
              "isHook": false,
              "skipped": false
            },
            {
              "title": "Check host",
              "fullTitle": "Amazon Test Seacrh Check host",
              "timedOut": null,
              "duration": 4211,
              "state": "passed",
              "speed": "slow",
              "pass": true,
              "fail": false,
              "pending": false,
              "context": null,
              "code": "cy.visit('https://www.amazon.com/');\ncy.window().then(win => {\n  expect(win.location.hostname).to.equal('www.amazon.com');\n});",
              "err": {},
              "uuid": "671e1ded-ce9c-4f1e-878f-797273395e24",
              "parentUUID": "170ac71e-7fa8-4e4a-b482-59a0b0a5bcb4",
              "isHook": false,
              "skipped": false
            }
          ],
          "suites": [],
          "passes": [
            "130aeae2-2e79-4c4a-95dd-757295a127bb",
            "b0fb9b0c-d476-4813-b7c3-ee53f3133064",
            "5cae7e37-b9c3-4426-a14e-33205eb93715",
            "293aef8e-7316-4987-b9e1-2fc0aa39424e",
            "df1b440e-4afb-4aa3-bc9e-2ad9187129fe",
            "d5bdb9e8-54ad-4770-9397-8d16a89d9187",
            "9de01bc8-3793-4fa7-8f68-9b05d4be55c5",
            "754c41e2-91cc-436f-84d2-94625a0caa96",
            "cd613c8c-02d0-4d96-8636-6b97106863b2",
            "9dd89f0f-4a3f-4cd1-b863-6f25f50101fa",
            "671e1ded-ce9c-4f1e-878f-797273395e24"
          ],
          "failures": [],
          "pending": [
            "c2af89e8-0b03-490a-9607-383884865b22",
            "8a309e16-bbef-4dc0-93e8-e1e268aebe43",
            "e92bedb4-1a15-4e52-8472-fd688cbf9a0a"
          ],
          "skipped": [],
          "duration": 55447,
          "root": false,
          "rootEmpty": false,
          "_timeout": 2000
        }
      ],
      "passes": [],
      "failures": [],
      "pending": [],
      "skipped": [],
      "duration": 0,
      "root": true,
      "rootEmpty": true,
      "_timeout": 2000
    }
  ],
  "meta": {
    "mocha": {
      "version": "7.0.1"
    },
    "mochawesome": {
      "options": {
        "quiet": false,
        "reportFilename": "mochawesome",
        "saveHtml": false,
        "saveJson": true,
        "consoleReporter": "spec",
        "useInlineDiffs": false,
        "code": true
      },
      "version": "6.2.2"
    },
    "marge": {
      "options": {
        "id": "default",
        "reportDir": "cypress/reports/mocha",
        "quite": true,
        "overwrite": false,
        "html": false,
        "json": true
      },
      "version": "5.2.0"
    }
  }
}