{
  "stats": {
    "suites": 1,
    "tests": 1,
    "passes": 1,
    "pending": 3,
    "failures": -3,
    "start": "2021-05-24T06:43:38.341Z",
    "end": "2021-05-24T06:43:40.342Z",
    "duration": 2001,
    "testsRegistered": 4,
    "passPercent": 100,
    "pendingPercent": 75,
    "other": 3,
    "hasOther": true,
    "skipped": 3,
    "hasSkipped": true
  },
  "results": [
    {
      "uuid": "87d4364c-670f-43cc-8e05-3170bb053f32",
      "title": "",
      "fullFile": "cypress/integration/first_amazon_task/apitest.js",
      "file": "cypress/integration/first_amazon_task/apitest.js",
      "beforeHooks": [],
      "afterHooks": [],
      "tests": [],
      "suites": [
        {
          "uuid": "b7eb85cf-243d-4700-8982-8040af799c3e",
          "title": "API testing",
          "fullFile": "",
          "file": "",
          "beforeHooks": [],
          "afterHooks": [],
          "tests": [
            {
              "title": "BIT only",
              "fullTitle": "API testing BIT only",
              "timedOut": null,
              "duration": 0,
              "state": "pending",
              "speed": null,
              "pass": false,
              "fail": false,
              "pending": true,
              "context": null,
              "code": "",
              "err": {},
              "uuid": "011542a4-13b9-41c6-bfcc-71385e519ca8",
              "parentUUID": "b7eb85cf-243d-4700-8982-8040af799c3e",
              "isHook": false,
              "skipped": false
            },
            {
              "title": "BIT AND ETH",
              "fullTitle": "API testing BIT AND ETH",
              "timedOut": null,
              "duration": 0,
              "state": "pending",
              "speed": null,
              "pass": false,
              "fail": false,
              "pending": true,
              "context": null,
              "code": "",
              "err": {},
              "uuid": "bccde9b3-2c67-4bf7-a124-865164e52bd2",
              "parentUUID": "b7eb85cf-243d-4700-8982-8040af799c3e",
              "isHook": false,
              "skipped": false
            },
            {
              "title": "Requesting withoud key",
              "fullTitle": "API testing Requesting withoud key",
              "timedOut": null,
              "duration": 0,
              "state": "pending",
              "speed": null,
              "pass": false,
              "fail": false,
              "pending": true,
              "context": null,
              "code": "",
              "err": {},
              "uuid": "a444cb4f-8d2e-4f44-b723-fcc65e831843",
              "parentUUID": "b7eb85cf-243d-4700-8982-8040af799c3e",
              "isHook": false,
              "skipped": false
            },
            {
              "title": "JSON iterable",
              "fullTitle": "API testing JSON iterable",
              "timedOut": null,
              "duration": 1970,
              "state": "passed",
              "speed": "slow",
              "pass": true,
              "fail": false,
              "pending": false,
              "context": null,
              "code": "cy.request('https://api.nomics.com/v1/currencies/ticker?key=a1cb5c658f5871864a9c1f4e48262066374a2c66&ids=&per-page=10').then(resp => {\n  Object.keys(resp.body).forEach(key => {\n    //if(resp.body[key]=='name')\n    console.log(resp.body[key].name);\n  });\n});",
              "err": {},
              "uuid": "d011a85c-6a9f-47b2-af41-04c2bda591ed",
              "parentUUID": "b7eb85cf-243d-4700-8982-8040af799c3e",
              "isHook": false,
              "skipped": false
            }
          ],
          "suites": [],
          "passes": [
            "d011a85c-6a9f-47b2-af41-04c2bda591ed"
          ],
          "failures": [],
          "pending": [
            "011542a4-13b9-41c6-bfcc-71385e519ca8",
            "bccde9b3-2c67-4bf7-a124-865164e52bd2",
            "a444cb4f-8d2e-4f44-b723-fcc65e831843"
          ],
          "skipped": [],
          "duration": 1970,
          "root": false,
          "rootEmpty": false,
          "_timeout": 2000
        }
      ],
      "passes": [],
      "failures": [],
      "pending": [],
      "skipped": [],
      "duration": 0,
      "root": true,
      "rootEmpty": true,
      "_timeout": 2000
    }
  ],
  "meta": {
    "mocha": {
      "version": "7.0.1"
    },
    "mochawesome": {
      "options": {
        "quiet": false,
        "reportFilename": "mochawesome",
        "saveHtml": false,
        "saveJson": true,
        "consoleReporter": "spec",
        "useInlineDiffs": false,
        "code": true
      },
      "version": "6.2.2"
    },
    "marge": {
      "options": {
        "id": "default",
        "reportDir": "cypress/reports/mocha",
        "quite": true,
        "overwrite": false,
        "html": false,
        "json": true
      },
      "version": "5.2.0"
    }
  }
}